<?xml version="1.0" encoding="UTF-8"?>
<testsuite name="co.mobileaction.example.web.controller.PostControllerTests" tests="3" skipped="0" failures="0" errors="0" timestamp="2026-06-10T05:52:02" hostname="DESKTOP-JLAQSEA" time="0.561">
  <properties/>
  <testcase name="deleteAllPostsOfUser()" classname="co.mobileaction.example.web.controller.PostControllerTests" time="0.277"/>
  <testcase name="deletePost()" classname="co.mobileaction.example.web.controller.PostControllerTests" time="0.037"/>
  <testcase name="getPosts()" classname="co.mobileaction.example.web.controller.PostControllerTests" time="0.241"/>
  <system-out><![CDATA[
  .   ____          _            __ _ _
 /\\ / ___'_ __ _ _(_)_ __  __ _ \ \ \ \
( ( )\___ | '_ | '_| | '_ \/ _` | \ \ \ \
 \\/  ___)| |_)| | | | | || (_| |  ) ) ) )
  '  |____| .__|_| |_|_| |_\__, | / / / /
 =========|_|==============|___/=/_/_/_/
 :: Spring Boot ::                (v3.1.3)

2026-06-10T08:51:58.079+03:00  INFO 46188 --- [    Test worker] c.m.e.w.controller.PostControllerTests   : Starting PostControllerTests using Java 17.0.10 with PID 46188 (started by Ahmet Hakan in C:\Users\Ahmet Hakan\OneDrive\Desktop\demo-multi-module-example-dev\web)
2026-06-10T08:51:58.085+03:00  INFO 46188 --- [    Test worker] c.m.e.w.controller.PostControllerTests   : The following 1 profile is active: "test"
2026-06-10T08:52:01.771+03:00  WARN 46188 --- [    Test worker] .s.s.UserDetailsServiceAutoConfiguration : 

Using generated security password: d34c88ec-63a7-4f12-b9e3-5bedebbfa462

This generated password is for development use only. Your security configuration must be updated before running your application in production.

2026-06-10T08:52:02.128+03:00  INFO 46188 --- [    Test worker] o.s.s.web.DefaultSecurityFilterChain     : Will secure any request with [org.springframework.security.web.session.DisableEncodeUrlFilter@6e681c3b, org.springframework.security.web.context.request.async.WebAsyncManagerIntegrationFilter@5519ee60, org.springframework.security.web.context.SecurityContextHolderFilter@4b75d640, org.springframework.security.web.header.HeaderWriterFilter@6abdead7, org.springframework.security.web.csrf.CsrfFilter@5f7a2a79, org.springframework.security.web.authentication.logout.LogoutFilter@52364a6e, org.springframework.security.web.authentication.UsernamePasswordAuthenticationFilter@fb79241, org.springframework.security.web.authentication.ui.DefaultLoginPageGeneratingFilter@f4a21cb, org.springframework.security.web.authentication.ui.DefaultLogoutPageGeneratingFilter@66008321, org.springframework.security.web.authentication.www.BasicAuthenticationFilter@2623ad23, org.springframework.security.web.savedrequest.RequestCacheAwareFilter@532b3244, org.springframework.security.web.servletapi.SecurityContextHolderAwareRequestFilter@5d28ac23, org.springframework.security.web.authentication.AnonymousAuthenticationFilter@c4fac3a, org.springframework.security.web.access.ExceptionTranslationFilter@28817763, org.springframework.security.web.access.intercept.AuthorizationFilter@da8853c]
2026-06-10T08:52:02.303+03:00  INFO 46188 --- [    Test worker] o.s.b.t.m.w.SpringBootMockServletContext : Initializing Spring TestDispatcherServlet ''
2026-06-10T08:52:02.303+03:00  INFO 46188 --- [    Test worker] o.s.t.web.servlet.TestDispatcherServlet  : Initializing Servlet ''
2026-06-10T08:52:02.303+03:00  INFO 46188 --- [    Test worker] o.s.t.web.servlet.TestDispatcherServlet  : Completed initialization in 0 ms
2026-06-10T08:52:02.366+03:00  INFO 46188 --- [    Test worker] c.m.e.w.controller.PostControllerTests   : Started PostControllerTests in 4.947 seconds (process running for 7.097)
2026-06-10T08:52:02.442+03:00  INFO 46188 --- [    Test worker] o.s.b.t.m.w.SpringBootMockServletContext : Initializing Spring TestDispatcherServlet ''
2026-06-10T08:52:02.442+03:00  INFO 46188 --- [    Test worker] o.s.t.web.servlet.TestDispatcherServlet  : Initializing Servlet ''
2026-06-10T08:52:02.442+03:00  INFO 46188 --- [    Test worker] o.s.t.web.servlet.TestDispatcherServlet  : Completed initialization in 0 ms
2026-06-10T08:52:02.672+03:00  INFO 46188 --- [    Test worker] o.s.b.t.m.w.SpringBootMockServletContext : Initializing Spring TestDispatcherServlet ''
2026-06-10T08:52:02.672+03:00  INFO 46188 --- [    Test worker] o.s.t.web.servlet.TestDispatcherServlet  : Initializing Servlet ''
2026-06-10T08:52:02.672+03:00  INFO 46188 --- [    Test worker] o.s.t.web.servlet.TestDispatcherServlet  : Completed initialization in 0 ms
2026-06-10T08:52:02.713+03:00  INFO 46188 --- [    Test worker] o.s.b.t.m.w.SpringBootMockServletContext : Initializing Spring TestDispatcherServlet ''
2026-06-10T08:52:02.713+03:00  INFO 46188 --- [    Test worker] o.s.t.web.servlet.TestDispatcherServlet  : Initializing Servlet ''
2026-06-10T08:52:02.713+03:00  INFO 46188 --- [    Test worker] o.s.t.web.servlet.TestDispatcherServlet  : Completed initialization in 0 ms
]]></system-out>
  <system-err><![CDATA[]]></system-err>
</testsuite>
